-0.07899083114119673
-0.12621094014998424
0.19376305027028248
0.1167131298127832
0.04379923984686298
0.10806171428766351
-0.11146641677032952
0.1122968223827725
-0.10885638446596921
0.10343791489410499
0.06050843624336377
0.09788239423037752
-0.051475787105857415
-0.08290347189582517
-0.0927993493643898
0.025149523947180626
0.21586766997078843
0.032495123531881484
-0.23976845631571478
-0.039501882983340966
0.0819817764048194
0.007735339070087789
0.037790503660620416
0.31847433400885855
0.024642897061306884
-0.01453619833687712
0.20234828491956058
-0.005116093066361359
-0.0898500437775786
0.14675627524878965
0.06594765490354788
-0.06537990208117718
-0.004064442998368935
0.013278171530030455
-0.05266474923394553
0.06875864373819654
0.02669229307013776
0.08031221480309658
-0.024664163903843003
-0.027643942040705236
0.06477426763561225
0.05602768886483042
0.11467184882295084
0.05762244128292712
-0.24516727696257778
0.22781129558061367
-0.003671355528659302
-0.07161527350304982
-0.08441158464530335
-0.03411329939884705
-0.036604685473161445
-0.06416473918642844
-0.04153282618060598
-0.025069028047834185
0.27330160223337413
0.00900577515600906
-0.06368876340151831
0.01133685360142739
0.026973665469808054
-0.12345236826060335
-0.11707311822786075
0.03234182087403359
-0.019798799864182717
-0.11776868147245488
-0.0222063875660586
-0.07459788270299958
-0.012549113679244439
-0.05941329166021068
0.24771176346911847
0.09789540860878554
0.03430974405030914
0.08474305383949259
0.0016026759030423957
-0.1435844015063484
-0.20356086582976263
0.07456443943229908
-0.1190210937780538
0.21491701566333316
0.18986929933880675
0.20183599057999704
-0.0734485219306159
0.12155821460956952
-0.13109285707061202
0.15278494833706976
-0.04639234445165846
0.02277286709556365
0.059150647405983886
0.02048474223552837
0.04961428996620353
-0.0008123637188956226
0.032302734690414114
-0.05971485896527266
0.1719090542568169
-0.17808220176021045
-0.1190812020435818
-0.05891747159652589
0.10701957408338345
0.27453669436265704
-0.017574892079441767
0.10029502651099888
0.09861874119041286
-0.029719589771136243
0.09272855738425718
0.10693643853438434
-0.06663370360174943
-0.007377678193171794
-0.024283805217162974
-0.1512178020909866
-0.08001911493041862
0.10680958030639114
0.1373206315634699
0.17369580721907837
0.09859811867389164
-0.060475179452601655
0.037299868018806484
0.008537267054756133
0.2777108995376087
0.1506497197729142
0.036558143207686515
-0.0730720301800113
-0.02273978326360741
-0.005538889247319193
-0.13437909980082513
-0.10639335038604535
-0.077245261427321
-0.0029896381117975003
-0.10518368330146834
0.11275265353857376
-0.2733686996053648
-0.0756569418645306
0.08006697151920503
-0.10066327491454792
-0.09880961620651899
0.068263597885804
-0.07425012195785574
-0.16382585036978223
-0.15875168851995444
-0.060029097209286245
-0.021840244456684282
0.21673978090002494
-0.020956056095802165
-0.09469926729835249
-0.1598432159270563
0.0308525722743208
0.24388001188507946
-0.09763919106360734
0.2216158828382807
-0.02074626636034233
-0.019422830891926424
0.14680475787578018
-0.0380541763652714
-0.02405433257004144
0.2521954944501472
0.10847928858888874
-0.04837204062216298
-0.10477473533532193
-0.010001328506104707
-0.1542298785031314
-0.17570667827343586
0.08996945227982271
-0.09646722918719206
0.07278885913353103
0.010541585817946435
-0.10822708881554542
0.20533268375185634
-0.07917566497553984
0.006535181274981975
0.024923081082736397
-0.03739636604263841
0.12498193631361187
-0.09088612873480419
-0.2890580985082345
-0.07207748910816945
-0.036744326765024614
-0.08206112281618654
0.01601203167233369
-0.07000278764509968
0.06097069850055215
-0.15688620826850555
-0.08446168321558864
-0.047054271170421116
-0.21882692243197144
0.06832996202878845
0.019847959196158626
-0.054472327055929894
-0.22431729865868075
-0.09793439679415314
-0.27488852586709495
-0.1373844857416936
0.009619964679461301
0.17919986550678554
-0.01985454424502264
-0.007577730805276202
0.06839261206802225
0.06269629958039855
0.02163637103437919
-0.039513033061644595
-0.11266896171310332
-0.25025386824086265
-0.11474958376674102
0.011947462393216098
-0.08002711409473814
-0.05173864785635184
-0.15980066252254937
0.07816894622289758
0.0001147605950322803
0.1646278524924293
-0.06736863870991687
-0.05916284223088896
-0.06260557557489488
-0.02304712226371824
0.03478796754775844
-0.07443730598249451
-0.016057211685818567
0.10329021690169722
0.05896845191878542
-0.08790725998506979
0.02801458748223068
0.0023744584352505516
-0.10026123665255991
0.27923806987054184
-0.18986797505516953
0.36830411242211114
-0.007353449551804012
0.2906446709252398
-0.2583438366850191
0.21694865460371704
0.12000008655318886
0.040249969183037825
-0.10796837390892809
-0.04937465665366979
0.00167270041972987
-0.03614222513256898
-0.126011144027019
0.08805266507111038
-0.0244071678198452
0.039529554261394935
0.3291303604417022
0.0063564054774443235
-0.13087368394968288
0.030951082677297976
-0.06464649212264868
0.03194584303359575
-0.07729978522898322
0.20427991397546894
0.2704631634774959
-0.09624003403499073
0.08160049880525824
-0.004993546403497792
0.10439698912057131
0.015485035138375349
-0.04648380451458665
0.22164487626646542
0.11916731895793363
-0.13869423544652598
0.007621382980737094
-0.3682720135758245
0.06757039925206769
0.10131187965755199
-0.031330677033948824
-0.0636245239979568
-0.09025080366171262
-0.1469913585840583
-0.15469551540605386
-0.09583743444735306
0.06951445810973933
-0.045182034184918764
-0.09687148927957948
-0.061016797429720375
-0.09358370047591576
0.007119206567938708
0.19895416469049507
-0.06227049527909857
0.0596400424333269
-0.1917301548992713
-0.008166210159084364
-0.02900096649400163
0.05924612597658724
-0.2804721012120298
-0.14414665762008305
-0.250924749844594
-0.08416707076988435
0.08851025344617179
-0.06000276362646025
-0.14352331496583742
-0.05262360462683401
0.2758045090118575
-0.10160498823615578
-0.2119513896026905
-0.21546926549020404
-0.22975874884362962
-0.06486164411611699
-0.18421506998388257
0.042388444701999
0.0706250947871674
-0.08309051834317374
-0.08306714924485939
0.03946135542716795
-0.06319372751190024
-0.12477351200945068
0.10238258530726356
-0.04394023824542907
0.03562470125565817
-0.025103971574654597
0.09479610494752044
0.03412426792476364
-0.15988263426428823
0.07286426986504398
-0.13033342839932602
-0.052251128850956306
0.0015106475186588465
0.21751028254956592
0.11914852407868294
-0.15389940589676288
-0.02126149005448083
-0.0009795406120026724
0.18466121573511016
0.018998216911440425
0.08970838859820629
0.059392887057545134
-0.08836805727180559
-0.22310548445269832
-0.06868622615701028
-0.19808152670841192
-0.04710567582426875
-0.0009740246087885956
-0.14866631987024448
0.13456075761296096
-0.09127870260940792
-0.05289222595403606
-0.045648122961365244
0.1963086959602151
-0.002437940710999762
-0.12281476346655505
-0.14721419583204834
-0.18076931864667736
-0.10148348729069381
0.016987971905263927
-0.04443874182207682
-0.01727492078895342
-0.13334049229941394
-0.13466160607395344
-0.03718449627500638
0.030372338478054133
-0.04175487716321103
0.1240148845021119
0.020301279568353824
-0.1715508682003653
-0.16496434991495335
-0.11928393360012154
0.04005308560427335
-0.165441545659842
0.10356050481032898
-0.12377369510569693
0.0712677480043126
0.16382863926080862
-0.08885990201780453
0.012848732442347627
0.10447428484411912
0.14789584630064687
0.05806916509201542
-0.0015759908414276487
0.07650416394651323
0.017624826482752917
-0.12079720605402589
0.10799698888625822
-0.12695675587180602
0.11563068201713356
-0.0199142116916791
-0.0538070170497094
-0.08911821630877746
-0.00860321341831216
0.08578540752703592
0.09325808014875678
-0.16893117784259656
-0.2062874032085705
-0.06665525684609223
0.045357963609840776
0.06170566402375753
-0.07651461225697968
-0.22749901942628584
0.12532159490033473
0.07779625672218654
-0.011317424597722713
-0.07321627480886297
0.05689972762760328
0.10195074072850151
-0.04446347041645243
-0.014839783917368825
0.3230180120044293
0.1814140392536446
-0.09901055950205333
0.05779013364288293
0.07790975708638584
0.06698078834360785
0.02882267086089004
0.3784895216366281
0.024038095603772847
-0.026383476258960207
0.18663375435267385
-0.019557298436065497
0.1305516950161594
0.08756582345190647
0.067385046518068
-0.21441177296590908
0.1086588163789367
-0.03391344424810747
0.04944909459650124
0.09555431912723923
-0.054334434607241716
-0.049032327452264185
-0.0986612476319985
0.03017050843606712
0.2906100118304466
-0.03184902300359461
-0.015253777985884825
0.11613089346849875
0.12130426652716282
-0.17615825978666014
-0.18745901471409138
-0.07947656911831569
0.15754031815480574
-0.03120946669881629
0.04858917562065251
0.09965821950203407
-0.13297229605516556
0.053489339833895706
0.08228503653383197
-0.14959394614182228
0.019651094422236136
0.10656205605963337
0.014884088341644505
0.021523483966710485
-0.16830393207172606
-0.054613601192751514
0.06627211247960628
0.057731685172642974
0.0673923423976317
0.06503016461166694
0.09585274997041256
0.07236009839146815
-0.07690385109693153
0.009697468846049807
-0.12825188054656875
-0.02413460979961118
-0.03090003126761241
-0.08768474213725175
-0.19266003467804915
-0.07744448665517033
0.03409857383552607
0.10125785147080216
0.02664729423205713
-0.11749275457834962
0.10993195001927124
0.04231101639601217
-0.03238457727223277
0.010034548341403052
0.018758892633724662
0.011779641969156507
0.08679043364985718
-0.12774168286041734
0.07364552617993027
0.010489532101065848
0.0020733765683568586
0.07765457125336374
-0.04445624746769102
0.197851422902915
0.10268077245581839
-0.08912658963079483
-0.05285905031290013
-0.09200903580770528
0.1658768925616283
0.23378001997341197
0.09734761743749197
-0.04949585404548833
0.07936745821834021
-0.016193704395625515
0.23521580358101485
0.2628564932548188
0.07779417068958965
-0.024602997654173207
0.008404687693627871
-0.08469373107963651
0.31581859188856753
0.02825952338600032
-0.13060261743594861
0.12426401334399667
0.015193604022329743
0.09872699698400648
-0.02131981939687786
0.21341995917619264
0.12827163529651153
0.17286395338618823
-0.053354789230445135
0.15089120372098422
-0.07396524661636442
-0.1957872305299547
0.2688603247126263
0.0970659536761311
0.058317756775872885
-0.2089585940393964
0.13282724486555048
0.019157334150559386
-0.028271938820089968
-0.29661787531254186
0.024576315954894228
-0.0459969249267336
0.06569616788192158
-0.015279635659634081
-0.12286751070787157
0.03490969262548843
0.02252850191948572
-0.01370871752232867
-0.09802345822095186
-0.1522343924449215
-0.05463028831085963
-0.1240991560644695
-0.06840833824266376
-0.24550358265912633
-0.034807757019011246
-0.39977764836000984
-0.06417373875154873
0.036743742006534706
-0.13710870723829652
0.061068189107600396
0.18415751719872292
-0.06839268210880453
0.2939707798434635
0.07999251922910017
-0.06880223865443964
-0.07008220087241859
-0.3353827993804578
-0.2295121328542915
-0.25158524357874273
-0.03544479800877911
0.13159898059560818
-0.15711181797557236
-0.05634792317676218
0.07847649167762773
0.043998005916861954
-0.03259411928722164
0.04183683636901234
0.028880594690990895
-0.17773922650174592
-0.06662614037268214
-0.025081596743535613
0.08516923280849024
-0.06193879792245394
-0.03292886246896215
0.005004441780924522
0.038764944349344604
0.05951307304426199
0.028247478869194643
-0.1055412144129646
-0.05191754469968587
0.07662412522108202
0.03526962216856191
0.01792448645477028
-0.05541171793535768
0.13667711453091408
0.08361908514259885
0.2599711674682718
0.023525932770964132
0.023374536766399008
0.1793277155246456
0.026337575916091517
0.20949022454906574
-0.003647451486716763
-0.027292960011516588
-0.04866745639549415
-0.017514330613762882
-0.0494268993246971
0.17994290480990072
-0.22860387643678554
0.35645997073923796
-0.1932169379018667
-0.13474189638286727
0.0841968560690723
0.2493635818990945
0.06070425191407291
0.05517247858436101
-0.15876101659214878
-0.1213008869225274
0.03297377994555118
0.03238048379195623
