3.9602986629262116
3.963395954894297
3.9646979969559295
3.937962875853885
3.995048122333758
3.9698081570141244
3.983505431901325
4.003906132506602
3.982596663272742
3.9509516389080974
4.015669339082458
3.9571860880562753
3.9786624430707005
3.955444217721621
3.971972532344587
3.973348974910649
3.965283904834227
3.9663074366071007
3.99711376284108
3.99887966892936
3.9776635473424737
3.9657139892830995
3.973923453869242
3.952247694225022
3.974418993339394
3.9499269363555043
3.960876137379444
3.984476575165084
3.956465315276926
3.9363845882090653
4.000576159899885
3.9777343292127956
3.9794938790075705
3.998291593428814
3.9789625680807865
3.981859197219213
3.9484040781404035
3.9946564256241825
3.9752755453189215
3.949143353917382
3.963894138372306
3.9876241451863086
3.985378524751374
3.9835197017048345
3.9595093685569185
3.9958692317659206
3.933596768884948
3.9886293180061108
3.989621676278837
3.965128981976798
3.9783006688862135
3.9790801882743834
3.987377749880155
3.974666637995026
3.9981832793264678
3.9437922708915942
4.001311254411033
3.968400649590926
3.9804477174173702
3.9773328845248077
3.9840269384059037
3.970657064788269
3.969634052840146
3.9815170608686676
3.966762272336266
3.9888726338292613
3.993833975809993
4.005316328731451
3.992799370668151
3.967125470078353
3.9835277580853665
3.9576990782311467
3.982864654425419
3.9562102072166674
3.98345036732428
3.9700246756727045
3.972193324204647
3.9763107984355
3.959514740922234
3.9670767588145806
3.9584272761236536
3.992703703226465
3.9772382586291344
3.962424211068587
3.985944017858216
3.9879711463595884
3.979849218509414
3.939949382706122
3.9556107926549333
3.952654768300779
3.962257406025222
3.971226178696661
3.9679667723901346
4.057454600207733
3.9743410833857276
3.9650154054164886
3.988078644962022
3.959045494144613
3.9657953573898834
3.9505215215863605
3.9889171583182885
3.9804144927046514
3.9512926255211687
4.000490705623771
3.9734298728632202
3.9735445114699277
3.9526491724180453
3.968698170058655
3.973811965458321
3.9619896564519768
3.950150591496265
3.9300339359225647
3.9642060489365547
3.9812346491849784
3.9713192747397854
3.9616184281580376
3.9927122656143075
3.9760308867151086
3.9698909298940137
3.9972106898372823
3.9717635966611633
3.9861078681367816
3.98098799423738
3.959312950661688
4.007269199418299
3.976965174891732
3.9843364215258394
3.9447683013749844
3.9791552248326214
3.951770838462945
3.9931090071345823
3.985944730946512
3.988254365415284
3.9546100385261305
3.9826122349861897
3.977985508333553
3.960953174666925
3.991529339732546
3.9775828021945374
3.980008169737729
3.9719709166974733
3.9850599429824136
3.9740402104276598
3.969548165436947
3.9070356741096033
4.001424725760113
3.9671026033885552
3.965561259425048
3.9702635724436153
3.9596341410369584
3.970155402024587
3.946091826395555
3.982633064642097
3.9739311002420656
3.9753250828295044
3.9853366840969433
3.9853740152084467
3.9795283361817853
4.036988668369524
3.9691528912746543
3.9431048504330897
3.951995540658633
3.976606568061944
3.9746594987132333
3.9930230326724776
3.99086947359822
3.959283597631888
3.972277489846403
3.9635009481148287
3.9834026860468317
3.967444918101484
3.997053358681274
3.992402759465304
3.978893272082011
3.9705915917952854
3.9863982037161336
3.9698394392475937
3.991681086836439
3.9880445687156736
3.9614234444769947
3.9663621587283684
3.9736447316227537
3.9953251897385624
3.965244939020186
3.982270832585566
3.98291476224408
3.9677575224276747
3.9542274168946525
3.971655017769698
3.960480962558226
3.949152233293562
3.9683516121271887
3.9825072300253495
3.97295193419312
3.9774358447754024
3.948950454502395
3.9820066983952667
4.029754931276495
3.9748324887319044
3.976497048952363
3.9805279284715653
3.9526679521257226
3.9714262982209525
3.9762798194632385
3.9557267793200235
3.974669982718699
3.978616201967904
3.9633218665014613
3.9985803949110434
3.9720337702469393
3.9676990264292917
3.9740452031294504
3.9902461939688885
3.9803592018105767
3.9598019897937773
3.9716995124564027
3.975315107450341
3.977667025725047
3.9601215377901537
3.971318869608821
3.9651029445908286
3.961162598024715
3.9648047854502995
3.9858968073671512
3.9700811758185877
3.9934138962716768
3.9892119192715847
3.964531460494706
3.9479067816878812
3.978803837299347
3.9715939939022062
3.9704334220199873
3.9714700203050266
3.98747512011817
3.9631549764763223
3.9772070610161983
3.97826819636605
3.971006871172876
3.974912463625272
3.9866262818827773
3.9765821540897544
3.9685464295473967
3.965176714730985
3.9801815014896973
3.947252748319597
3.951522735935269
3.9927740536855927
3.9750916052948346
3.9535158669406716
3.9779308453653797
4.010464595484011
3.9903063839132136
4.128174177624962
3.97084577580293
3.9905820258639078
3.976258903470906
3.986359840631485
3.981101858525565
3.988084194967241
3.9554666806351055
3.9820636932597018
3.9612671917135067
3.9836956440499334
3.991868071393533
3.9795152136773773
3.9448397146933005
3.977641278053775
3.9828316594615125
3.971741275624795
3.967901442177368
3.961722382812789
3.98799866446943
3.985310686898954
3.977579693089832
3.963627429171042
3.960225395993753
3.9764776186509567
3.9780661430322763
3.989373036135327
3.9892069662159138
4.003743247100801
3.9823899273619507
3.960637856703816
3.9642729812499247
3.9675365408261616
4.012285932085731
3.9772888842857244
3.9818040562398505
3.9883853063438877
3.994867410623666
3.977828941742579
3.9775104661782583
3.970945531220147
3.970394477338502
3.97765100228064
4.003278133182815
4.004906764445883
3.9799763266787385
3.979187646417907
3.985805757298614
3.961502226554986
3.968223875399792
3.993951326518348
3.9838209600159615
3.9767190266739236
3.982926120270382
3.9884102303873408
3.9788634452855947
3.979766735344222
3.9752530243360633
3.9836692969907412
3.9875031768372566
3.9752918781656206
3.979380656462727
3.990905531247457
4.002136692043507
3.9629840141896047
3.975938974907904
3.977582065174074
3.968024941917622
3.9786824956987843
3.9753149715336886
4.000275281523213
3.9964106382745683
3.9477890278353835
3.9883286078770954
3.966718069531701
4.000544361454068
3.975182271094033
4.013944208260739
3.9733440759507093
3.9979476285703255
3.96734565911871
3.9796429575392693
3.9945620439269325
3.982694254047943
3.9779646774133046
3.9753686517477034
3.9792550297397558
3.9753488607478866
3.9933250435374
3.986811662984617
3.991640386436925
3.982022316889329
3.976940242810683
3.9875022503462705
3.971460753318035
3.9530477411819227
3.9790582475337115
3.982832046982014
3.9686947778318866
3.9800376884865036
3.9781688668511133
3.9836009563821735
3.9691511319442228
3.976013930548321
3.990115088314721
3.993157453247995
3.982715398795677
3.984534194704258
3.9727376653389497
3.987264800071716
3.9630024575825895
3.9721235459501094
3.9909726641394876
3.9527329181179858
3.966698622522932
3.982916823119828
3.988555627248504
3.9878668004816227
3.9845113192543837
3.9833503942597996
3.97909820847439
3.974005265308149
3.9891629311171446
3.9783950491385025
3.967685104680784
3.9982813211101473
3.9769305660869136
3.9832580695549646
3.9803044577439626
3.9695010314385097
3.9847212014776288
3.988089189475233
4.007738894404787
3.9834139769727535
3.9675681362549464
3.9875100217985384
3.964026573661602
3.9822620403586013
3.986238766168103
3.9865894631905987
3.9863461060054375
3.9872287731279026
3.9834540170250516
3.9678242285143246
3.978886493950179
3.9951067025011238
3.9811848101290788
3.992108145356178
3.990216618324771
3.9719623359766874
3.991134144681873
3.986829489650148
3.9887772781379294
3.9951981912056604
3.979968593427629
3.9740315667607566
3.991829358447682
3.992085098046245
3.9895501804171185
3.96665973609144
3.9763007524338634
3.958463988069332
3.9843534792914537
3.981215378371152
3.9878744158780934
3.980964851921255
3.9886461471066332
3.9981557286146914
3.986389344840339
3.972792056654439
3.9685082145712594
3.98709470539382
3.9881690046100906
3.9920662273060192
3.995674005963586
3.9969319133144436
3.9698927733031186
3.9908196680473558
3.9647114288626297
3.9966089588223084
3.983348999691732
3.9890630225340526
3.975781174591093
3.986741039518154
3.9767007688681284
3.9753129838994057
3.989311776197318
3.9805578502741725
3.97815391312946
3.9878857112292088
3.9755769656463102
3.981694137869459
3.9844489990761787
3.990162219513546
3.967207804773793
3.990359902291587
3.969962606556488
3.977952538385536
3.9795550486355116
3.9877031681212514
3.978207674080675
3.9876424117521805
3.9905892282724382
3.9953984303004813
3.9925160884857176
3.9905924201914758
4.002036589655009
3.9903238046349903
3.9761954523397214
3.9902110730156752
3.984116691531557
3.989382294994412
3.987919304226384
3.980484263915004
4.009595607717832
3.9918383132327686
3.982567969054887
3.9787025475140774
3.997717063174103
3.97813909740159
3.9728438354802855
3.9850373014356153
3.9972136556199103
3.9878337212584234
3.9926486961769334
3.982929833549442
3.971548638109005
3.9907745481440515
3.985558766578183
3.9906402720646423
3.9897991704218314
3.9935289007244688
3.9857835866285094
3.9794878233562816
3.990170979590127
3.9970916665864715
3.9753827652244857
3.9816460407141485
3.9975644928939413
3.992908676104112
3.980557067827745
3.9933130183003165
3.9905649917595314
3.9736803276972337
3.9944268922914157
3.991253559426828
3.9902661459012463
3.9880526059504713
3.9865629325310388
3.9778150961254584
3.9843449740698844
3.9833719144264856
3.9959487582698014
3.993435143431028
3.991560809359406
3.993794376290206
3.9883446776505673
3.9889372234994713
3.985027264194055
3.991309483213858
3.99449462863532
3.992582057642214
3.9978135791691867
3.985329368981448
3.9925602609461004
3.9912100511969943
3.9902963892980057
3.9906583680347962
3.989749516411261
3.9848032290285285
3.985631786331986
3.990419534480933
3.9961142721501264
3.989847963235595
4.000981795697501
3.9908820075519156
3.9917707846020205
3.9951781663930777
3.9856025662386054
3.9954692934498643
3.983920508532813
3.9927941222082484
3.999768481561632
3.99239420755343
3.9924705363584287
3.9942192216714223
3.995110503200329
3.989303813197396
3.996353987672112
3.9909241154338373
3.987926242387656
3.9904435242667344
3.991135859940991
3.9901258766651155
3.992897575280883
3.9919096888014765
3.9867030809322994
3.9927409225341046
4.001656983386386
3.9914235490741152
3.994707215012926
3.995805255662311
3.993574098655672
3.9944767971833546
3.989848250511921
3.9912030073729428
3.9917292643677103
3.995604774084958
3.996309251586596
3.9998944759368897
3.994381392453656
3.9928647849595906
3.9953744421402613
4.0004079008644275
3.996336140325575
3.996119181044174
3.997263852123058
3.998467096776673
3.9985060521147466
3.9976189573605856
3.99806063951868
3.998296365503109
3.99764279136152
3.998379445346919
3.997550146055944
3.9971947959878227
3.9975557945894473
3.997798559792114
3.9981310277274162
3.998790488279227
3.999311620809815
3.9998858534928523
3.999894601287264
