8517.213071695964
1910.4004557291667
856.9438557942708
333.46168556213377
304.45887972513833
78.73779700597127
55.99589269161224
66.22106742064157
31.30447700023651
28.941119237740836
52.05250611305237
43.075454775492354
27.03017659187317
20.74103461901347
14.025887844959895
21.563391878207526
20.973262015978495
22.365039360523223
23.943626368045805
54.11019559701284
26.108123048146567
20.557792588075003
28.6883141318957
21.49835337003072
29.09993676741918
20.133799437681834
16.029799060026804
26.025581880410513
18.602833318710328
19.71959252754847
30.368351173400878
22.257630733648934
16.01440175374349
15.192604792118072
14.149102103710174
22.676041269302367
46.80386661688487
31.051241306463876
24.06776972611745
33.67966365416844
21.688000492254893
40.69583596388499
50.81129500071208
35.873174047470094
20.60109152793884
37.021393060684204
26.278854684034982
25.058403567473093
21.725603286425272
30.84563682874044
21.740387721856436
43.73943198521932
23.806587783495583
22.964311496416727
27.935511191685993
32.67445718050003
33.07135686477025
21.056822244326273
20.81368706226349
22.73458621899287
40.590158494313556
34.76170966625214
28.943921264012655
28.696538416544595
26.44289036989212
36.81283291975657
50.767576066652936
26.216477294762928
36.15296165148417
39.91814161936442
51.606370377540586
25.628899057706196
47.588616387049356
39.62486766179403
38.13724654515584
30.705672232309976
38.97827666600545
54.421470896402994
39.92745634317398
35.458032218615216
33.49536292552948
43.369632267951964
32.14297617673874
33.098008290926614
31.489375174045563
32.47267478307088
39.54061776002248
28.81975773572922
56.70681881904602
23.62855685154597
32.60967751344045
26.307937105496723
34.67380952835083
21.980673718452454
35.80924510161082
33.80976585547129
40.338964525858565
65.41775388717652
33.640262452761334
39.24668583075206
42.068430264790855
35.79832470814387
60.65184938112895
57.843754935264585
35.78945234616597
57.01515125433604
46.80811580816905
23.495913549264273
35.4043065071106
34.80551657676697
54.58794433275859
33.545872116088866
35.81873594125112
30.900484188397726
47.004620202382405
55.09663760662079
54.98872058391571
61.643347191810605
21.893953164418537
72.78339869181315
56.85426434675853
25.20769323905309
34.0052788734436
58.321260913213095
37.807510900497434
36.53719265460968
62.155440815289815
56.50879144668579
62.79548548857371
32.253127185503644
31.096071334679923
43.46083892981211
55.635343090693155
40.17238392035166
40.152428873380025
60.6847638130188
41.424785526593524
43.128844785690305
51.07968734105428
91.29301886558532
48.178787024815875
63.7288539091746
33.62107983827591
47.86830882231394
57.36361753145854
45.75103662014008
61.309865363438924
44.16237665017446
37.842675606409706
73.43587962786357
26.874662057558695
48.644033908843994
45.889297803243004
51.68511874675751
56.70846712589264
34.48526226679484
44.18837943077087
41.97775809764862
38.14350907007853
34.52791160742442
81.13938272794088
84.45485947926839
63.68006914456685
60.896906248728435
29.504538571834566
54.579405665397644
59.64913767178853
61.718456443150835
43.85321129957835
38.31259040832519
38.42532559235891
48.19479088783264
33.90805144309998
40.69146114190419
44.21263970534007
70.49006373087565
51.11378005345662
46.536830894152324
50.45422354539235
50.05481059551239
41.03035379250844
52.2255393187205
45.551954921086626
48.667789578437805
65.56333043575287
52.49630688826243
51.70044652620951
45.826542123158774
38.69313654899597
52.66814887523651
52.99665428002675
69.279461034139
39.79896214008331
87.99717947642009
83.31744237740834
51.51963586012523
62.265003029505415
68.54901908238729
60.90323140621185
58.27238647143046
90.5383386294047
66.2620983282725
46.73753496805827
76.92250728607178
72.87993399302165
59.16471215883891
65.26920617421469
44.219449043273926
71.64129530588785
33.367044691244764
48.19337031841278
97.40372966130575
66.83874936103821
77.36569689114889
45.96352014541626
95.13608029683431
76.8478368918101
68.94755738576254
43.13838300704956
43.89893316427867
59.474387375513714
60.30584048430125
99.1193116982778
83.89501749674479
95.31758909225464
60.012671899795535
71.83538223902384
78.03779832522075
62.29671159585317
45.87928970654806
43.47207742532094
68.18259126345316
87.399325354894
70.81143747965494
59.971377921104434
77.81659177144368
53.12339877684911
51.6114431142807
54.04449623425801
177.3238715171814
50.57996383508046
90.09038314819335
68.44783990383148
56.90431995391846
83.2485030333201
93.88141859372458
117.60167047182719
70.91541118621826
69.75852391719818
100.8986909866333
81.02344266573589
90.94753084182739
79.85448768933614
80.47864201863607
29.6944903532664
67.49342789649964
49.64085075855255
95.53562639554342
166.90853864351908
84.25169105529785
57.03630598386129
92.65172642072042
68.88967235883077
57.47612912654877
79.32986750602723
101.4869978427887
69.418834288915
77.30350151062012
79.73499161402384
101.71562274297078
100.72460454305013
59.878765559196474
84.71298405329387
66.10268834431966
92.29299430847168
88.89383056958516
123.07298208872477
62.15784349441528
57.70607675711314
69.7129430214564
58.24861388206482
113.15215810139973
50.90082302093506
68.28842854499817
103.1782108704249
138.8567415078481
76.46876023610433
48.460867166519165
122.85446127255757
60.69468328158061
49.9140878200531
63.684118469556175
93.71340483029684
80.14340768655141
84.22037793795268
69.85272138118744
68.1811040242513
93.08174901008606
57.385846956570944
65.86787827809651
70.77478381792704
106.23723573684693
73.43385523160299
69.1429719209671
76.39185792605082
69.92953209877014
41.706614724795024
94.31038478215535
66.33263403574625
64.84399423599243
112.20867241223654
102.81115312576294
75.39650025367737
97.823051182429
91.00545873641968
132.61138010025024
100.92886818250021
107.74186023076375
111.12374025980631
130.16900965372722
76.08361361821493
81.68092220624288
78.95349644025167
97.38341116905212
64.45734663009644
84.08478531837463
69.30487899780273
66.0616929213206
61.14898165067037
91.00220638910929
59.551149010658264
55.403238185246785
76.93812727928162
84.74568791389466
98.23094704945882
64.87296806176504
114.04670190811157
79.22835693359374
52.42877315680186
69.74703319867452
71.46467870076498
73.83239261309306
48.67034511566162
82.92794634501139
53.55964112281799
156.28158362706503
78.39460341135661
103.81289485295613
119.21078406969706
88.35941373507181
115.41997917493184
77.85689358711242
58.15545258522034
72.12311601638794
71.63759306271871
66.50554197629293
128.42020378112792
68.86367417971293
126.98406839370728
104.00616405804952
177.8843323389689
85.75846886634827
139.62751200993856
76.28337078094482
113.55271221796671
72.82304095427195
100.22020866076151
63.57613960901896
85.3464251200358
88.18280109564463
93.15793720881145
107.50114135742187
96.24077623685201
72.49637482961019
69.50892599423726
132.67318232854208
151.32303447723388
76.93671263058981
87.85231664975484
53.33771936893463
70.9490224202474
87.88370617230733
53.672100790341695
73.22036051750183
83.86899639765421
80.77623856862387
52.80086127122243
90.05715924898783
122.68477231661478
129.68511759440105
103.02477537790934
145.88980623881022
165.05067809422812
53.277607981363936
70.64312931696574
60.45446206728617
74.21836687723795
99.40670177141826
47.57992089589437
104.72324379285176
90.85276436805725
93.47185029983521
103.68892874717713
73.39900426069896
83.62707683245341
66.80191372235616
122.3493895371755
57.97588218053182
109.02879021962484
91.09047722816467
99.04724721908569
69.73713142077128
138.04302554130555
111.61857617696127
106.39508290290833
59.9321887254715
71.76598771413167
64.88095841407775
145.28634408315023
71.4323560555776
46.51553448836009
62.03431938489278
96.59096244176229
102.24800597826639
85.33374416033426
110.15647718111674
64.58892044226329
117.01823536554973
105.97500572204589
73.35882048606872
74.98800985018413
111.3714012781779
115.98978951772054
84.571932554245
88.7013248761495
110.80612325668335
66.35050031344096
101.70679343541464
89.8147531668345
63.12893147468567
66.0957426071167
96.58335231939951
75.7598796526591
111.75336028734843
82.41777033805847
92.08630104064942
126.84596600532532
59.49833021958669
130.21864633560182
129.48645122845969
84.91576868693033
94.89062433242798
106.75377931594849
100.32780845959981
82.98303248087565
76.97387322584788
122.64702758789062
70.81657748222351
54.87271002928416
73.92935504118601
105.48552228609721
134.02832158406576
94.79517896970113
94.59844579696656
71.57101907730103
58.467865904172264
93.08208158810933
199.97368027369183
170.8753522237142
103.75382806460063
135.06319460868835
80.78191162745158
77.08106061617534
82.3976138750712
118.87167264620463
132.13953873316447
72.89785032272339
86.94991366068523
100.25832306543985
83.29749374389648
71.17059942881266
142.17396039962767
90.63700682322184
230.47409183184305
77.35571475028992
60.28642692565918
84.56813017527263
122.05496253967286
51.34522986412048
81.56959244410197
73.66528676350912
109.07219320933024
57.964601596196495
119.53732706705729
76.56615515549977
105.30443876584371
111.46920312245688
117.5398020585378
118.20446270306905
76.259379641215
128.04959928194683
95.96569279034932
112.99483380317687
76.3497236251831
80.63679254849752
72.54928169250488
76.40214101473491
87.3745110352834
72.52592010498047
62.081700531641644
73.50649790763855
95.31667898495992
88.8588889916738
68.91649119059245
53.77208734353383
107.21566532452901
50.59536708990733
89.35526374181111
103.644828859965
73.57497989336649
86.25641843477885
121.04050366083781
87.44748306274414
77.06876330375671
86.7658749739329
72.99110040664672
76.37571207682292
108.54994227091471
78.92768476804098
70.2456919113795
94.88283982276917
72.36889307498932
95.90441509882609
76.95003226598104
51.83180959224701
50.344074591000876
61.33732528686524
66.63027596473694
51.08862607479095
32.356485931078595
60.44118632475535
86.56654524803162
64.26740024884542
53.285505056381226
60.70788814226786
69.59095247586568
93.54041549364726
73.73003102938334
91.59154246648153
65.10969592730204
77.41795460383098
32.608171010017394
56.913268542289735
46.69284352461497
60.94665647347768
48.6247189839681
104.51212209065756
84.17172848383585
45.117886916796365
62.61429036458333
30.71419568856557
44.53583591779073
70.18316753705342
49.245470952987674
50.77337388197581
70.50080291430156
41.736333107948305
47.10604798793793
44.75858765443166
61.74206746419271
52.92334037621816
47.198077821731566
31.44625202814738
45.163230013847354
35.319837896029156
46.70542868773143
64.28962088425955
36.45907193024953
54.086364364624025
33.1949476480484
42.5254670937856
35.66198192834854
27.803757484753927
38.44107876618703
35.027538474400835
