0.006791181594334458
0.04244313372905846
0.017594035906773626
0.03518408777414483
0.05477924198406099
0.02371099427929783
0.055374447564298115
0.07698245012169619
0.04823975170764959
0.03753930642454758
0.025861392397377076
0.008757999105551844
0.06019397203556516
0.011378479201459523
0.043327167189934034
0.014689988990060307
0.01094200815017702
0.02690171459989594
-0.02245614639691529
0.05133112075625721
0.01021350110514146
0.035900106444729095
0.014616418504473669
0.0036532049264871714
0.03109875303890669
-0.005597605902497008
0.067217276385054
0.002944661764371576
0.022825708224836764
-0.011423105141853518
0.051619415322255176
0.028471464116944734
0.026687036084970743
-0.00963389418444201
0.028763603139668702
-0.00023600356260871966
0.05764393830834182
0.01873407120151431
0.044437758064701814
-0.0102151077918031
0.0017689353505953808
0.00027299165499932836
0.02264045719185202
0.0010779148983684453
-0.03497978711278516
-0.03491608718279828
-0.03331558038903908
0.02969778788462987
0.046761417902554524
-0.011533087993126228
0.006741916388273239
-0.015149320501509602
0.00500604158935885
0.012237411364912987
0.0479832191373024
0.04385190150439457
0.047704834758703574
-0.0027457500797357748
0.08526704313628601
0.026253919151018965
-0.025243554912457042
0.024942767689230316
-0.01892671694583965
-0.0005427981176498261
0.001150868233173352
-0.007214099146199949
0.033600788619448645
0.0029263446728388467
-0.0006551982827879714
0.01859694023362615
0.04935042849727765
0.014091240925093491
0.027986549705471563
-0.0006225534944061303
-0.023922919016287337
0.036414366196241284
-0.02040956596081907
-0.012727061405629765
-0.05641198486202594
0.10948928841813044
0.07367162305410162
0.04366506858460718
-0.02529044487993374
-0.006848602358138923
0.008257871412559214
0.004591199455105445
0.02398850901584162
0.0621970231447256
0.046150519236019164
-0.03495930708719022
0.01166066464361255
0.05310718790261131
0.02421576835666642
-0.02563160119620575
0.02476219738071615
-0.019734383671929017
-0.014301020107373144
0.0075390997182253295
0.0013504522767933931
0.03802284134382551
0.014983066639891176
-0.0018516353091179167
0.02327739999657779
-0.04244548547589643
0.007569129019490598
-0.0009845912442401504
-0.005562065677209334
0.008758571498434653
-0.029376484109370996
0.029275604033010137
0.010322262396309243
0.00673200608315793
-0.03784492023070484
0.013347818182867769
0.039589151536876505
0.02356516174629426
0.006504215204128713
-0.05141602206664781
-0.016796952033076774
0.03160765680138755
0.003866095361158703
0.03590591699449402
0.051155991310423074
-0.01619463980649457
0.05656250815302359
0.06290084438285592
-0.02427471170597004
-0.046173083858395164
-0.007554971834179014
0.022431894146244635
0.03447734503865694
0.07979951306443775
0.03097677807972738
0.038610679228088085
0.018115260758592436
0.021765630380127042
-0.0018223310058767144
0.039640474138837874
-0.025580469132083554
0.07354045835009222
0.014067600650543516
-0.02665411112036302
-0.00760477672359257
-0.036615942643345875
0.015172195523469285
-0.0036220771176775804
-0.01189638564123236
-0.025118819727195485
0.032639277273009415
0.0047967350336186815
-0.01571397257626593
0.01676879043586792
-0.018312200393076197
-0.010025945332458694
0.019022038537359825
-0.01796876411941467
0.04517961615188555
0.04381992679625524
0.00728789870486115
0.02964910229978462
0.04301001663235101
-0.01813227685281273
-0.020357864970962206
-0.010695617257222307
-0.0364129464699407
0.03432387544801741
0.026650876355018806
-0.03439203786176883
-0.0637191183575796
-0.0352862017066703
0.008236802519329076
0.023172438143625518
0.0069436093668848505
0.02506729258280812
0.004678787041065693
-0.027137613418127524
-0.03298281670237581
-0.06646951979985743
-0.03878245820967894
0.019425825208820628
0.003725707068136244
0.0041533668835957846
0.06598735379450249
-0.015436568133758776
-0.0291025269732486
0.05174083744711948
0.014565957004599499
0.052492446079850194
-0.08829634761945768
0.07078869237254064
0.005351656636533638
0.044265794296833604
-0.024678846925852475
-0.003149060287272953
0.05648229257626967
0.010931817288016617
-0.01624625236727297
0.0009624773495350823
-0.024478517224391302
-0.02744931516318695
0.013501445537037922
0.04060584383991998
0.03026011997100079
-0.009898536426551413
-0.00734301495372854
0.06498529088090767
0.05143566221337427
-0.0017764448639795635
-0.014560803759730224
-0.006623698296872052
-0.005494735670143917
0.007048726897460945
-0.042828750618818134
0.059221830417994746
0.022674033570696008
0.04747282114930744
-0.001075312104358366
-0.01182847110498132
0.0030108572602991694
0.012910325461151924
-0.024661988877888882
-0.05198414834837119
0.014494873046042455
0.005646862275898457
-0.04023246156108199
-0.03207097617119099
-0.046237945855792724
0.05276116501225977
0.09698904076534691
-0.031393377161161466
0.022322792158405665
0.003791690469458417
0.021628839865319827
-0.058726912872446
-0.04230260236583876
0.01181989505491925
-0.04380965406061009
-0.001963885723980087
0.016544704432740354
0.025648524088672166
-0.028308791595257142
0.013832892430240683
0.0034107573358624272
0.05707380015854582
0.01650456254455176
0.030166739389074573
-0.042870667672744306
0.021467968062709338
0.0535796287441344
-0.07018134183617253
0.034068315529800726
0.0003719492406217438
-0.012023988836021586
0.030712352735016876
0.0023170527818640978
0.011421717166420863
0.013234672876018466
-0.033122491015290675
-0.01988792989515897
-0.02832449637300504
-0.007449116907788046
0.006268068340917429
0.03976247764102564
0.012719802961995205
-0.05211696047900301
-0.029518545253938298
-0.028373421215325257
-0.015096317323376284
0.06494463484621409
0.0472622495031718
0.044414582774907375
-0.03828008225695653
-0.05179032221944495
0.034058240860361945
0.0040599562495834
0.00822022311728109
-0.009965956397354602
0.06760351318075801
0.015012405173161603
0.04644671555495623
0.05059011329501641
0.030380207175723185
0.003939592192535091
-0.03071960414209488
-0.005532803483815356
-0.0036917015289266906
-0.024787467317373465
0.0019277958062682019
-0.02063567972191694
0.05483876003347563
0.04824890151168361
0.005559949063216195
0.08569248378467323
0.0270038402785951
-0.024944322522390972
-0.05560370882352193
-0.019861154958154215
-0.02912036514925686
0.048751226056254274
-0.016199167795253523
0.052689049659635535
-0.036892560051020346
-0.06182442547922785
-0.06167059334164316
-0.04017164596942056
0.00034260465904618757
-0.02559964722586852
0.019161774839316918
0.029016472921339853
0.0147133267569271
0.014395291727412935
0.015211153621644232
0.011799386106995923
0.006779878851816509
-0.022346703694060898
0.062098830358379264
0.00873131508176977
-0.07090924474636488
0.016595467473521378
-0.025995308657487233
-0.0175665950797724
0.002304302782497623
-0.03072016318752007
0.013502224717602323
0.01834067248767524
0.030798602677091506
0.0695976920115451
-0.01856710851319473
0.005959860025199526
-0.050114628966107515
-0.018140365395017646
-0.02710877702444453
0.023577031983189622
0.022705581837869956
0.0014656145520734064
0.01387752466411753
0.015292727687593662
-0.01753556880073368
-0.008909538655301951
0.04879649476091744
0.023812430481793302
0.008865804752955835
-0.003134854877311172
0.008345344728987777
0.006732784419066527
0.03340949547110182
0.012667014407501979
0.04687851283021949
0.0035411915177422943
-0.021698984057840074
-0.011532946935657299
