0.9987810969352722
0.9975596258134553
0.9989260966127569
0.9975494142734643
0.9966239520997712
0.9984708193576697
0.9963480393091838
0.9983198082808292
0.9972170858672171
0.9972931598172043
0.9983806617332227
0.9984505256017049
0.9963761589743875
0.9986960952932185
0.9972998290350943
0.9969729622205098
0.9966526374672399
0.9985507636359243
0.9981256799264387
0.9997726014166167
0.9983109336910826
0.9982999303124168
0.9980895595117049
0.9981204238804904
0.9974703568400759
0.9996927228840915
0.9981764876481258
0.9971491148977568
0.9991811719807712
0.9967133377537583
0.9992781812494451
0.999689307718566
0.998138246752999
0.999548102870132
0.9992533040769173
0.9982819246523308
0.9996349468375697
0.9983022805416223
0.9976610660552978
0.9975590142336759
0.9989424001086842
0.999004830013622
0.9979276812437808
0.999609742381356
0.9984486175305916
0.9973548253377279
0.9984354788606817
0.9999685486157736
0.9991694912765965
0.9995792645396608
0.998516727216316
0.9987600947871352
0.998774439277071
0.9988318334926258
0.9981807224678271
0.9977501280380018
0.9984894611618735
0.9991371768893618
0.9984079942558751
0.9970493219115517
0.9987215154098742
0.9984973217501785
0.9992703860456293
0.9990258729819096
0.9988076943339723
0.9983588471557154
0.9984228943333481
1.000052962881146
0.9982748616825451
0.9991598721706506
0.9989431702729428
0.9983176025477323
0.9985408107439677
0.9999552578637094
0.9990534143014388
0.9986239473025004
0.999544190637993
1.0005574627356095
0.9986302718971715
0.9987636053200925
0.9987584594524268
0.9982929193612301
0.9995354995583043
0.9988920908985716
0.9991938786073165
0.9989703135056929
0.9988855390837699
0.9993223789966468
0.999016094569004
0.9992896076404687
0.9994687445235975
0.9986135656183416
0.9999260425567627
1.0002178398045627
0.9991774002710978
0.9992077531236591
1.00009588581143
0.9999692512281013
0.9998447010011384
0.9997502652081576
1.0001002766869285
0.9994176416686087
0.9993379708492395
0.9996211785258668
0.9996684641549082
0.9990262259136546
0.9996471744595152
0.9988975792220145
0.9995994741266424
0.9995444037697532
0.9993800398075219
0.9992525288552949
0.9992543458938599
0.9996705492337544
1.00096805601409
0.9999098304546241
1.0001630288181882
0.9998027516133857
1.0000481630816604
0.9991222269607313
0.9996349659833041
0.9995510433659409
0.9986556031487205
0.9989682898376927
0.9992470304171245
0.9997423674121048
0.9987023649793683
0.9989415331320329
0.9993315342700843
1.0001842350670787
0.9994831399484114
0.9990544980222529
0.9989707224296801
0.9997234228885535
0.9994170427322387
0.9990351915359497
0.9995855161637971
0.9981631445162225
0.9986624981417801
0.9988548257134178
0.9991523291125443
0.9989636771606677
0.9995189887104612
0.9989867513830012
0.9995859467622006
0.9990676146565062
0.9998705831441013
0.9994543686057582
1.0000384395772761
0.9997372742855187
0.9994761401956732
0.9988662398222721
0.9993540818041021
0.9992305874824524
0.9991543217138811
0.999568725715984
0.9993998903216738
0.9986743041963289
0.9987975015784755
0.9998277768944249
1.0002747839147395
0.9996197819709778
0.9999575033332362
0.9996555368105571
0.9991835041479631
0.9999897888212493
0.9995329065756364
0.9995066454916289
0.9997926444718332
0.9996322917215752
0.9996100581053532
0.9995527014587865
0.9999060825868087
0.9998541763334563
1.000463642134811
0.9998635353464069
0.9998553070155057
0.9993312178236066
0.9994308858206777
0.9993215784882055
0.9999110612002287
0.9998801227771874
0.9994352203426939
0.9997405579595855
0.9994602571834218
0.9994508082216437
0.9990653984474414
0.9993224302927654
0.9991833517045686
0.999617444746422
0.9992419958114624
0.9995788715102456
0.9997610305294846
1.0000096974950847
0.9995163465991165
0.9998038436427261
0.9998995939890544
0.9988673437725414
1.0000185240398753
0.9999238855911023
0.9998882933096452
0.9997796362096613
0.9995040438391946
1.0000645146225438
0.9996302536039642
0.9990623824524157
0.9997859402136369
0.9992330193519592
0.9992490981564377
0.9993977600877936
0.9997360308965048
0.9997066393043056
0.9997300079374603
0.9992995291045218
0.9999770677450931
0.9990693966547648
0.9993050195954063
0.9999758203824362
0.9995253133051323
0.9991183934789716
0.999982091513547
0.9996792919708021
1.0000071077635795
0.9997087550885749
0.9999941768068256
0.9998877026818015
1.000063637531165
0.9999514279943524
0.9995049819801793
0.9993148962656657
0.999809595671567
0.9993771264047334
0.9998255274512551
0.9997048038424867
0.9995470278190844
0.9994782476714164
0.9999944871122187
0.999585691726569
0.9999471397110911
0.9997263659130443
1.0001155611240502
1.0001970735463228
0.9994577342813665
0.9998544230605617
1.0000462481469818
0.9994574481790716
0.9996017481341507
0.9996723893916968
0.9993308797027125
1.000030806209102
0.9999487204985185
0.9995886878533797
0.9998334227186261
0.9993755459785462
0.9994883566191702
0.9996960910883816
0.999563776363026
1.0000645962628452
0.9996920592857129
0.9998917164224567
0.9996806206125202
1.0000163930835146
0.9996868303327849
0.9996896754611623
0.9998667240142822
0.9998805577104742
0.9999645673867428
1.0002482042168126
0.9997547767379067
1.0000373735572352
1.0000343279405073
0.999969585014112
0.9999104395057216
0.9994362896138972
0.9997685092868227
0.9995228767395019
0.9995750105742253
0.9997881123513886
0.9992384220614577
0.9996963667147087
0.9998919566472372
0.9998743797793533
1.000044059753418
0.9999580491672863
0.9998483516953208
0.999565395080682
0.9999686710762256
1.000028733773665
0.9998057997587956
0.999902190584125
0.9999524206826181
0.9999153527346525
0.9998825998017282
0.9998015468770808
1.0001020156975948
1.0000895366524205
0.9996911131974423
1.000103642362537
0.999764016902808
0.9997202483090487
0.9998860908277107
0.9998489690549446
0.9998903866970178
0.9999876141548156
0.9998401110822505
0.9997232982606599
0.9999232219927239
0.9999261700745785
0.9996903914393801
0.9998167355855306
0.9999753283731865
0.9997012506831776
0.9999629334969954
0.999848714019313
0.9998470017404267
0.9999343611977317
0.9999242692282706
0.9999058795697762
0.9999040253234632
0.9999268542636525
0.9999693729660728
1.000023594047084
0.99992810234879
0.9998594627235875
0.999962115649021
0.9999041806567799
0.9998533527056376
0.9999948714718674
0.9999704664403742
0.9998619404706088
0.9999403057676373
0.9999599232818142
0.9999955477136554
1.0000285618232958
0.9999284448045673
0.999982806408044
0.9999481797218323
0.9999782844023271
0.9999313986662662
0.9999667781772036
0.9999976736126523
0.9999839742978414
0.9999930659929911
0.9999586134245901
0.9999954837741274
0.9999731833284552
0.9999969832824939
0.9999819835027058
1.0000015869285122
0.999996377843799
0.9999998865705548
