5390.443391927083
2111.992708333333
1872.5726725260417
933.1325561523438
851.1181559244792
562.4211201985677
294.05439453125
151.73541463216145
211.62944844563802
165.6182423909505
119.46371002197266
112.25946756998698
79.82344360351563
75.9950429280599
85.89218393961589
44.95460459391276
62.08799819946289
66.00399373372396
53.064396158854166
75.61046651204427
133.17189229329426
162.47917683919272
78.74105021158854
85.1672353108724
51.38628565470378
80.70687459309896
73.40916748046875
100.37704569498698
61.212416076660155
61.510624440511066
38.228799184163414
61.7085823059082
53.11552149454753
62.53673400878906
39.81464157104492
60.105734761555986
77.80457865397135
51.9660031636556
50.09921696980794
54.51494827270508
47.010745747884116
48.59205881754557
41.89670104980469
93.0958984375
42.39436492919922
40.13410466512044
42.172508494059244
56.87768351236979
46.85849253336588
36.7703358968099
38.79649861653646
26.006452306111655
28.50830078125
24.788329060872396
38.794394938151044
36.681923421223956
51.904309590657554
32.196252059936526
18.438547770182293
47.93895696004232
21.695333353678386
34.98205286661784
26.734552764892577
24.281685256958006
12.23442866007487
18.70022506713867
28.34862937927246
18.416961924235025
38.32102991739909
23.758691279093423
19.826124318440755
27.431055323282877
29.739726257324218
25.645083236694337
38.28869781494141
33.9929916381836
32.5998649597168
22.558648681640626
16.370728810628254
29.794025675455728
26.99728635152181
23.152067311604817
13.795529556274413
12.992417144775391
21.25466168721517
21.588153711954753
33.355072784423825
26.179478963216145
17.80054499308268
13.722570037841797
24.925261561075846
15.432312901814779
22.952751668294272
18.095510737101236
12.180097262064615
19.24940643310547
12.45650412241618
16.869181442260743
16.889310963948567
13.6506898244222
17.401514053344727
15.540822792053223
22.370503234863282
24.842507934570314
19.569543075561523
22.729912821451823
21.154744720458986
15.51244723002116
10.340436744689942
7.515286636352539
17.643537267049155
8.328642972310384
16.95531317392985
30.353552754720052
23.547227478027345
25.510096995035806
26.64851671854655
11.478451474507649
13.659507242838542
11.347699228922526
12.181838099161784
14.728450393676757
30.49461224873861
8.891024843851726
10.358867263793945
7.317836856842041
9.332889175415039
9.913843409220378
14.080277188618977
5.601898860931397
9.248369026184083
19.78628184000651
19.58914591471354
18.985645039876303
11.748406028747558
7.178272914886475
19.071776962280275
10.475554084777832
17.2425106048584
19.43270428975423
13.791709709167481
15.426773007710775
8.4993452390035
12.09742546081543
12.16950626373291
15.12030029296875
14.326032574971517
16.662994956970216
14.934658749898274
10.541580454508464
13.548347091674804
12.233759689331055
10.305894470214843
15.428205299377442
24.994722747802733
14.58050505320231
10.231809616088867
19.988431040445963
6.7476625124613445
11.322709147135416
7.617484219868978
10.233351453145344
8.271508407592773
9.256640497843424
18.825980758666994
17.331605529785158
11.504341888427735
25.673401260375975
13.412049102783204
10.457148424784343
6.452726745605469
14.911818377176921
10.268281110127766
8.368662389119466
16.134107398986817
10.667292976379395
10.192807833353678
10.266480700174968
11.72027161916097
10.839945030212402
15.413032658894856
9.783010800679525
13.203018442789714
11.100081316630046
17.54827397664388
12.76556339263916
11.847128550211588
13.329782104492187
9.702802912394207
13.903825823465983
10.668811798095703
11.075908215840657
7.454202969868978
13.976646931966146
11.781258900960287
13.261640167236328
11.204563903808594
7.496526972452799
9.774323590596516
12.390838368733723
6.256201457977295
7.2572557131449384
8.82875862121582
5.143284893035888
6.642780303955078
9.789315668741862
8.85520896911621
9.541957410176595
12.465157636006673
8.193770599365234
6.097299321492513
12.976456006368002
9.719675509134929
14.663986651102702
4.809640789031983
13.475928942362467
13.672277196248372
10.019718233744303
7.573600355784098
5.3606217702229815
3.3868977228800454
14.568557039896648
11.47271334330241
7.26337521870931
6.637386735280355
7.9339601516723635
6.546106179555257
9.241947809855143
3.8428943475087483
7.448954486846924
7.905577119191488
9.085811678568522
9.407715288798014
10.369059244791666
6.585386562347412
10.239476458231609
5.512082481384278
12.532428868611653
6.340193080902099
13.841495895385743
4.878156121571859
6.859404563903809
6.945861403147379
15.469334856669109
7.42196429570516
7.997263971964518
12.46201032002767
5.0952508290608725
7.60322675704956
6.405733489990235
10.897048060099284
9.734702873229981
5.697425587972005
11.784604771931965
5.934390544891357
9.027662976582844
7.299522240956624
9.511474418640137
7.986050573984782
6.202026589711507
10.50492623647054
10.240231386820476
6.7408784548441565
7.199444357554118
8.93603998819987
6.787604173024495
9.626211357116699
8.57688757578532
10.83206106821696
7.728686205546061
8.270803419748942
5.734068298339844
7.126938279469808
16.93008715311686
8.430104732513428
10.664979235331218
13.04133472442627
5.216053549448649
10.221188036600749
10.0390256245931
6.130133501688639
11.950562413533529
7.632262802124023
7.276636219024658
6.647405338287354
21.742641321818034
6.892834568023682
4.541694259643554
10.561154047648111
6.313957023620605
5.581433232625326
5.996212959289551
6.00696751276652
7.212023162841797
4.505593665440878
6.747503916422526
4.023927100499471
5.712691466013591
6.067350387573242
16.390390332539877
6.239828586578369
10.298729705810548
5.708323764801025
8.023054949442546
8.924508666992187
6.134278678894043
3.5655179818471274
5.876362895965576
7.078168773651123
11.54692325592041
3.710600725809733
4.928649393717448
7.566639931996663
7.617172908782959
5.091304683685303
6.449494298299154
5.185341771443685
6.1067275683085125
4.8419061978658045
4.144363085428874
6.772199376424154
4.911550235748291
5.431151898701986
6.717767556508382
5.514858722686768
9.02860590616862
9.993827120463054
7.267234547932943
3.417416874567668
6.100892702738444
8.506996281941731
8.252468681335449
3.796431223551432
6.107030137379964
7.575702762603759
4.964476076761882
9.269451268513997
6.4131441434224445
7.207372188568115
6.2931264241536455
8.284869511922201
6.104242738087972
5.1974808057149255
7.605397001902262
5.140791893005371
10.199716631571452
4.961697260538737
6.278443590799967
8.662652778625489
4.894629192352295
9.10202242533366
