0.04807176049304844
0.05920993936015293
0.016977313443644424
0.009944994375109673
0.02318888930886081
0.02726851386942144
0.05218730132575288
0.03066422855701989
0.008300140881229627
0.0386826643025305
0.06335684664716774
0.037214682644293076
0.04811474376562701
0.08669817801000494
-0.0003385704370554198
0.017700998706894813
0.0018067362619507493
0.040537347430081076
-0.022154684308351894
-0.04245595637793568
0.012278721029482161
0.018593914972646446
0.048514658370704365
0.009053161649992971
0.04707049449736422
0.013196519341065803
0.026523991550008456
0.046529300872123605
0.05976993345653737
0.026575193234450786
-0.0022569841166841798
-0.010267987016193343
0.030879810509610583
0.002921182436473442
0.046942196554984106
0.013331881260637602
0.02607640963837956
-0.002029225932589422
0.07317277277946811
0.06701553177867248
0.07082154628870106
0.03590101800322593
0.03309998388656161
0.10865548276483561
0.04645548221288305
0.038990776393223896
0.04574529139861239
0.08888753249563953
-0.013449168366126038
0.049918567592447456
-0.017634283220677664
-0.025482360286299476
0.016325988427905197
0.0636995147194036
0.051779237354992694
0.007477087534216205
-0.03288143488550276
0.023142456981859693
0.051432207678303574
0.009325800836086274
0.0352938922750499
-0.029973330292286295
0.05071495898618278
-0.020029266884331733
0.03803870848126032
0.057145037163387646
-0.003249429513446309
0.0308150165587325
0.009026928082334273
0.023185926559381186
-0.04103710923739003
0.022492221851522724
-0.021448804223627754
0.07194725404344464
-0.030597383758846044
-0.031974293359301305
0.020578309775252514
-0.011252985827035666
0.0029534668414712404
0.03406989662484689
0.020700437079931636
0.03435911834945507
0.040699864464642646
-0.025888529075944626
0.07059075014214172
-0.0014016477159175063
0.017082213587833173
-0.024791205826808105
0.002598031045812549
-0.016339622504539984
-0.005343820003150595
0.014484388432042165
-0.030825647198115334
0.01724988329365398
0.014108661178386573
0.01409459265943786
-0.0053533936816110685
-0.03297364028227149
0.038859176534143364
0.007128853861694083
0.01582300083316637
0.03932541018126137
0.03142161344876513
0.03019178412911115
0.02641471154762037
0.05329766721946671
-0.01380190427051716
0.005142133753520973
0.07460924119434574
0.021720499824732543
0.014011173756620282
0.03104899004242863
-0.008334314303867744
0.06310759500289957
-0.029853424576647355
0.043414203495238765
0.0712744736423095
-0.029738703178185406
0.033622652286607206
0.0293302807674715
0.06251668063218169
0.025363423739503503
0.05552210065304804
-0.017302818381876656
0.036729108547848284
0.01953005455187381
0.005064573698451347
-0.034869534656349004
-0.01328663170378687
0.005780965507482037
0.0214014469141451
0.020656917480201546
0.027627504470221925
-0.01184476150453768
-0.025150338800625775
0.03651326282909422
0.03481235134725769
-0.0070612252619343275
0.01775371809490025
0.02681675176841743
0.043275666279100046
-0.02887007248108134
0.01809338176354879
0.007748768422188181
0.05694866234605962
0.015883331799484562
0.06228678354033918
0.0017488374177253609
0.017777863664157463
0.06136737143502669
-0.023762261401861905
0.03956151257708839
-0.039877369826850056
0.03810227915193096
0.03288081142712723
-0.03125987517705653
-0.042023962479310506
0.002190452168702684
-0.006234479460611262
-0.004499297374577233
0.005880967792913769
0.0026631291675474848
0.04708868034226312
0.013332347986711696
0.0563458351592999
0.07264073257419196
0.04400051075005622
0.042376432332115875
0.04708363509906287
0.052968268361732816
0.07261608798395504
0.04583924375545008
0.005003445480807303
0.02013673569202762
0.03279175790393669
-0.023113084115991087
-0.08027220768007365
0.00832002197364063
0.029328346698347368
0.005879066449900468
0.04102445323810433
0.00833429079502821
0.05233779210155427
0.030375337817636273
0.04429801368352139
0.07595981283000473
0.046166899309239603
0.025788180400250535
0.022376296093518083
0.0027396089764255465
-0.009303664201588341
0.024371793211938702
0.03324564488209558
-0.03490310812820539
0.020130595711772472
0.024731292711062863
0.011550191394758947
0.009259502909668354
0.02541148339161847
-0.02469323503248619
-0.007075957448052412
0.06146549558774991
0.009354704938066954
0.02205678856028526
0.013629366292364218
0.12662735847089523
-0.045633591807475594
0.05120371753970782
0.0333940824437322
0.023670616709260326
0.007118635164630232
-0.027995637588372285
-0.007051981286106942
0.013180731537938823
-0.0535194845632015
0.0312988906872995
-0.0567826922757156
0.02119992213662375
0.06121459860902233
-0.03015402935896859
0.05875804188915274
0.012497500620895262
0.019526795060797172
-0.0066830657210878355
0.028939240516135188
0.05162371289140234
-0.037324412784566836
0.039016269937609184
-0.02990212262833886
-0.006054747137011762
0.037143345566459395
-0.004277063060065054
0.05377676871845104
0.018456917623001518
-0.020150607496951564
0.025022710989596266
0.020794222608674317
0.009744282947345213
0.002778744358908046
0.019537586938244974
0.031351745739635645
0.06952134161961801
-0.010706242265366723
-0.0010374696882949634
-0.012074383304835382
0.02167193665945061
0.013026965742535663
0.03326076252216643
-0.0017039078584110195
0.00898612843426015
-0.02005868054587733
-0.04726606344417881
0.09316893879983003
0.028612635466856082
0.00079306387639063
0.0007683723809212538
0.06939841364369248
-0.0032117976101510453
0.04135047456983364
0.015622723458165472
0.015787452103474854
0.04809755269838426
0.0024390920545115614
0.005045863286112294
-0.025715481173811536
0.014604158753134084
0.009635778536286319
-0.05169405701259772
0.018271233809134698
0.03310756760113167
0.035622936882304425
-0.042925075853638577
-0.052658622621586826
0.033206202806622696
0.03252273201684478
0.062217798222307906
0.011547910495110872
0.0015895348268024849
0.07227398131155606
0.0036422569558701733
0.022639360870799107
-0.014928938973356377
-0.034931556668104324
0.0012142851384300175
-0.019352560270239006
-0.03825082588150646
0.007350774222251141
0.028179672839310527
-0.0021647208405766198
-0.0008521880471204041
0.0560860326795867
-0.0002435883620020115
0.0129892535507679
0.02542081315239722
-0.0502679007946316
0.007607426945910309
0.03853559299146361
-0.03443490965574077
0.00876647744214896
0.009092166336874168
0.014820827867052603
-0.011367286482092107
-0.06278743735712135
0.08365442945875905
0.02875970634600945
-0.013475186394696886
0.03469421856782653
-0.03081373262808263
-0.019387884787989387
-0.0019618116770729875
0.04777847651505109
0.0241459051231769
0.07502820716295956
0.05079191182598923
0.018618086019925997
0.030320449298685135
0.03421661522536879
0.01769284030253237
0.047810182906940814
0.01580314575271173
0.05136655487233039
0.06920633605032256
-0.043204914293054376
-0.006187001426676006
0.05164278672274315
0.007696231185091716
0.054576394170748464
0.017603404065911574
-0.014752660713610099
0.06777439746250766
0.021284173508033608
-0.002525743887279973
0.02034537789948059
0.058097645623440095
-0.016705942834078363
0.09544477067662008
0.0073640889742157675
-0.029783150549073153
-0.007560515877875415
0.03309905241158875
-0.031351409141312944
-0.02181227815930139
0.03528194927017797
0.04187453736861547
0.0791642668346564
-0.010699501012762387
0.012246684989694393
0.00019329799847169355
0.0281680399185103
0.00971552253644349
0.01871660395779393
