0.9990134134437099
0.9983165336377693
0.9956548571586609
0.9989724108667085
0.9968476411068078
0.9978596820975795
0.9980574333306514
0.9984459280967712
0.9999124306620973
0.9973303614240704
0.9988305662617539
0.9996286804025823
0.997413013198159
0.9949442664782207
0.9994303858641422
0.9984918648546393
1.0003860639803337
0.9967192935221123
0.9979912505005345
0.9990601947813323
1.0012160673285975
0.9985607298937711
0.9982829364863309
0.9970443812283603
0.9977108496608156
0.998978604331161
1.0012227444937736
0.9988035657189109
0.9989155682650479
1.0004885417042357
0.9988458824880195
0.9988006783254219
1.0009385188420614
0.9994987227699973
0.9990971435200084
1.001791538252975
0.9972173394578876
0.9997654084003333
0.997745119080399
1.0003562262563994
0.9998550928000248
0.9991346236431238
0.9998094089103468
1.0005747054562424
0.9970764936822833
0.9983215888341268
0.9994871013092272
0.9973185853524642
0.9991517522118308
0.9998683347846522
0.9994383252028263
0.9984746087681163
0.9993602922468474
1.000088703993595
0.9984358227614201
0.9992557688192888
1.0001288489861921
0.9981365861314716
0.9989165049610715
0.999677464095029
0.9989144343318361
1.0002495769298438
0.9975755500070976
0.99860786596934
0.9990548946640708
1.0000912976987435
0.9990831851959229
0.9988270141861656
1.0001928007963932
1.0000934095093699
1.0002875743490276
0.9996193770206336
0.9993927630511197
0.9987473881605899
0.9989559621521921
1.0001536766688028
0.9990228559031631
0.9995088996309223
0.9977557449629813
0.999575299205202
0.9982765605955413
0.9985434759746898
1.0001047744895473
0.9991534731604836
1.0003103649977483
1.0000645565264152
0.9992956352956367
0.9997473247123487
0.9991637526136457
0.9998906919450471
0.998662556662704
0.9994575056162748
0.9991909464200338
0.9995340318390817
0.9995260430104804
0.9995070190140696
0.9994232268044443
0.9981571768269394
0.9994409116831693
1.0004474690466216
0.9998416922309182
0.9997899561217337
0.9997259696324666
1.00093239365202
0.9982615037397905
0.9993206316774542
0.9998654379989161
0.9985357797507084
0.9987761613094446
0.9989232410084118
1.0005294684207802
0.9997071818871932
0.9992324558171359
0.9991840918858846
0.9999217036998633
0.9987837354342143
0.9991241957202103
0.9997563885919976
0.9994378566741944
0.9994575760581277
0.9998204769510212
1.0004276311758793
1.000121701847423
0.9993515094121297
0.9991893591302814
0.9994003079154274
0.9987771157062415
0.9994322982701388
0.9988667744578738
1.000313728505915
0.9991584098700321
0.9995813438386628
0.9995016899975864
1.000053627202005
1.0001411614996014
0.9993103778723514
0.9999697663567283
0.9997950626142097
0.9991210186120235
1.0002882393923673
1.0001752358494382
1.000041185725819
0.9995369018930378
1.0005908929940426
0.9992416233727426
0.9994767886219602
0.9998488903045655
0.9997436967763034
0.9997000715949319
0.9999373316764831
0.999430031487436
0.9994990132071755
1.0001787268754208
0.9998316493901339
0.9997712684400154
0.9998877897407069
0.9998540881908301
0.9998477852705753
0.9997339176409172
0.9999458667003747
0.9997883128397392
1.000646051493558
0.9995898253989942
0.9997108156030828
0.9998674544421109
0.9995616515477498
1.0002526492783517
0.9997606270241015
0.9999757188739199
0.9996721014832005
1.0000714746388522
1.0001331549702268
0.9994839166149948
1.0001068635420365
0.999869451378331
0.9996099519007133
1.000299367760167
0.9996246290929389
0.9996993975205855
0.9997133143020399
0.9998037497202555
0.999454875425859
1.000956864790483
0.9997042648720019
1.0001306450728213
0.9995100928075386
0.9997287168647304
0.9999111778808363
0.999764088789622
0.9992502122214346
0.9991108298301696
0.9995411150383227
1.0001442367380315
1.0003911466309519
0.9997789776686467
0.999479494672833
0.9995845895825011
0.9999266516078602
1.000287086313421
1.0004990704131849
0.9997935410701867
0.9994078130433054
0.999823555801854
1.0000721674976927
0.9996272939624209
0.9995153412674412
1.000087017362768
0.9999213374022281
0.9997922138734298
0.9998497522238529
0.9994191545428652
0.9994316278081952
1.0002412647911996
0.9994681961608656
1.0003394397822294
0.9992612040404117
0.9999170046864134
0.9996860074274467
0.99952863816059
0.9998239304080154
0.9997706911780617
0.9997402303146593
1.0001231262178132
0.9998402465473522
0.999217261690082
1.0000337741591714
0.9999357852068814
0.9999014991702455
1.0004341931054086
1.0000521746548738
0.9999337474505107
1.0000512578270653
0.9999318227623448
1.0000200954350558
0.9995767784841133
0.9998954010732246
1.0000877803022212
0.9998692953225338
0.9994833758383086
1.0001823309696083
1.0001313964525858
1.0001766421578147
0.9997396371581337
1.00028806997068
1.0003399274565956
1.0004135832642065
0.9997593597932295
1.0001116210764105
0.9998195250829061
0.9994754614252033
0.9997880913994529
0.999865879795768
0.999917965224295
1.0001690702004866
0.9997512286359613
0.9995957305937102
0.999354748653643
0.9996063795956698
0.999822617299629
0.9996929580515082
0.9995643818017208
0.999203314925685
0.9995213281024586
0.9997232960932183
1.000088010412274
1.0002301223350294
0.9997255986387079
1.0000072966922413
0.9997881495591366
0.9998997428200461
1.0000031897515962
1.0001370484178715
0.9999801209478667
0.9999742421236906
1.0001441634062564
0.9998709107890273
0.9999916781078685
0.9997921661897139
0.9996657075303974
0.9996410788911761
1.000048454241319
0.9997982910185149
0.9998876636678522
0.9999583088990414
0.9998760216163867
0.9998409040046461
0.9999964002406958
1.0000170678803415
1.000084079395641
0.999830096056967
0.9999313737406875
1.0002227541172144
1.0001298987504208
0.9996569044662245
0.9999764857870159
1.0000127525040599
0.9995884194518581
1.000124037988258
1.0001528013836254
0.999993280208472
1.0001857898452065
0.9998641671556415
0.999890335039659
0.9999767321528811
1.0001292467117309
0.9999292062990593
1.0000126065629902
0.999887880412015
1.000104047312881
0.9999419504945929
1.0000197193839333
0.9998996962200511
1.000151492248882
1.0000538966872476
1.0000371647603583
0.9998187061512109
0.9999165307391774
0.9999369408145096
1.0001246788284994
1.0000283952915308
0.999851407065536
0.9997864249980811
1.0000055724924262
0.9998884201049805
1.0000179240197846
1.0000475648677711
0.9999944589354776
0.9998669866359595
0.9998787059928431
0.9999290610804702
1.0001315940510143
0.9998863971594608
1.0000353679512486
0.9999475847591054
0.999987903508273
0.9999185406800473
0.9999979795831623
0.9999928272131717
0.9998824842048414
0.9999921484427019
0.9999983220389395
0.9999905766862811
0.9999765128800363
0.9999712853720694
1.0000230619401642
0.9999934496301593
0.9999971057429459
0.9999768687017037
1.0000117655956384
0.9999941811417088
1.0000001896511426
