6904.544368489584
2707.0873209635415
1998.2759033203124
803.2296997070313
1087.2516764322916
735.5149495442708
891.6977457682292
435.29974975585935
187.86788126627604
314.45579427083334
70.99847462972005
229.5359883626302
39.425375366210936
58.547969055175784
81.80390981038411
125.08702697753907
72.770974222819
36.66789728800456
53.30901590983073
242.79371439615886
286.4828206380208
459.3607421875
122.69934387207032
132.1315144856771
137.5460642496745
85.63627115885417
131.5583730061849
133.78646647135417
186.23950703938803
134.52826029459635
102.9335952758789
65.33853810628256
75.00119018554688
180.06039225260417
178.0704783121745
129.82106221516926
109.68612976074219
75.36363423665365
76.3400644938151
110.75892283121745
111.65581614176432
66.16169560750326
67.4357192993164
62.37515080769857
74.0451644897461
74.685595703125
157.92395731608073
87.02120157877604
94.19703318277995
80.24227854410807
56.75283279418945
94.81417694091797
67.13719914754232
82.87637176513672
60.25864054361979
88.22932739257813
51.76672643025716
41.09262186686198
69.52811889648437
27.85082270304362
41.01504185994466
141.84178263346354
103.83869272867838
45.97479146321614
40.76758829752604
58.29102554321289
84.98907267252604
56.61125818888346
59.155068715413414
80.34498850504558
38.268768310546875
48.49205983479818
58.820177459716795
52.67202580769857
42.57984568277995
40.770573425292966
41.48097457885742
57.6928596496582
48.58623479207357
56.86775207519531
56.91938171386719
71.02488403320312
40.175864664713544
66.2889170328776
44.46118291219076
70.67384084065755
43.647908274332686
79.12670237223307
52.484605153401695
38.33926773071289
43.44612147013346
74.84889221191406
41.19207865397136
58.44687296549479
52.933868916829425
44.13821029663086
42.292606862386066
25.27295176188151
73.87672398885091
44.24883753458659
45.476610819498696
82.00416920979818
21.411017354329427
49.459781392415366
43.936570485432945
47.055859883626304
49.44407374064128
46.65265477498372
24.782782872517902
51.80049819946289
32.47380040486654
27.22432174682617
53.06552022298177
41.21687444051107
43.73556009928385
70.94357045491536
51.21879221598307
29.071351623535158
52.31160303751628
37.84465662638346
23.774043782552084
89.92185821533204
40.31889673868815
28.46513188680013
46.26472040812175
44.38784612019857
27.298400115966796
48.106804911295576
84.99385325113933
84.63515116373698
31.615058135986327
26.67964312235514
35.84439392089844
21.487912114461263
31.656290181477864
31.02379468282064
34.398783620198564
35.3970344543457
47.01394348144531
28.118802388509113
39.473445638020834
45.268699391682944
17.545337041219074
99.41148732503255
50.58360163370768
37.66679255167643
60.064080810546876
26.976161575317384
37.01555379231771
83.10250142415364
40.82445551554362
40.4092524210612
38.81448974609375
59.872870381673174
84.42692616780599
28.446145884195964
26.721238708496095
23.45862604777018
31.864481353759764
100.04571024576823
28.32962811787923
35.202920532226564
40.02739639282227
59.15597737630208
39.650612894694014
72.65100809733073
132.72489013671876
43.67871170043945
52.14251581827799
131.21316426595052
80.5929946899414
53.154919687906904
43.256202189127606
76.77471110026042
31.752448145548502
80.35290069580078
30.183513895670572
29.156077321370443
23.49268010457357
28.974526341756185
41.03059717814128
233.45291748046876
29.678223673502604
69.46918589274088
55.40929209391276
45.292283121744795
31.383035278320314
51.357041422526045
21.034475326538086
25.1598326365153
29.855956268310546
22.304696146647135
25.42911694844564
96.57527720133463
40.45435740152995
38.17973251342774
62.82150014241537
43.40115483601888
35.06088434855143
73.14998524983724
26.83333536783854
17.8623867670695
13.112283960978191
69.66732177734374
49.08595326741536
45.38742243448893
30.396974309285483
34.38996861775716
44.03121566772461
39.26858088175456
63.829916890462236
33.51645495096842
40.1276003519694
33.77573750813802
70.32760976155599
54.58551279703776
30.224018859863282
40.19310811360677
36.49882583618164
70.12465311686198
42.59742940266927
40.653812154134116
40.719651540120445
23.671267954508462
72.01369934082031
126.03903350830078
59.75923207600911
148.89826253255208
40.851121520996095
21.263712056477864
90.02649993896485
24.99902064005534
71.2197998046875
74.4876210530599
67.53568064371744
36.60113627115886
40.00372161865234
36.28350270589193
18.51120065053304
80.53401590983073
27.4224973042806
54.850643666585285
35.06607386271159
23.492236455281574
41.04539082845052
53.49655303955078
52.203651428222656
55.4660146077474
46.077001953125
24.295622126261392
45.65031483968099
55.027462259928384
40.66986262003581
23.95686543782552
74.77177530924479
47.37826360066732
35.940487670898435
79.10051625569662
42.359658559163414
33.5283322652181
80.64226531982422
46.35246887207031
30.7220282236735
42.10632858276367
44.908070119222
31.822011439005532
63.1824701944987
37.01226298014323
60.285909271240236
59.58407414754232
42.52818654378255
34.58812370300293
26.75808588663737
51.17354278564453
67.85302378336588
36.667609151204424
41.82301305135091
41.55325215657552
86.30248362223307
92.53038584391275
41.846981048583984
51.2752321879069
27.177273559570313
76.92242329915365
21.429979451497395
54.6891487121582
21.73970146179199
39.32347844441732
39.30659662882487
43.61243642171224
39.72592748006185
27.46931571960449
32.24202944437663
24.968525187174478
39.33585688273112
18.09044049580892
21.35887730916341
66.05052591959635
35.629478708902994
25.255442682902018
65.72465515136719
17.39221331278483
42.4743896484375
23.668868891398112
88.24849294026693
65.78200937906901
38.883786010742185
78.71476847330729
51.169046529134114
65.14920552571614
25.434599431355796
55.66112467447917
30.251050821940105
36.71564763387044
43.852141571044925
36.770345052083336
19.747355397542318
27.253384272257488
38.830709330240886
27.802030436197917
15.322810618082682
35.87936782836914
134.7779510498047
77.13699951171876
26.544499842325845
44.08943201700846
55.650726064046225
27.477058283487956
40.09270553588867
61.96223119099935
42.49097188313802
50.44863993326823
50.35438461303711
27.55582962036133
29.155067443847656
52.84275410970052
36.627709197998044
31.064162317911784
38.43779652913411
32.26525344848633
38.78003463745117
37.91769307454427
54.57058181762695
106.712624613444
21.4507506052653
30.534283701578776
42.01165186564128
33.26663029988607
47.09262669881185
63.48513565063477
30.644777170817058
